\BOOKMARK [1][-]{section.1}{\376\377\000I\000n\000t\000r\000o\000d\000u\000c\000t\000i\000o\000n}{}% 1
\BOOKMARK [2][-]{subsection.1.1}{\376\377\000P\000u\000r\000p\000o\000s\000e}{section.1}% 2
\BOOKMARK [2][-]{subsection.1.2}{\376\377\000S\000c\000o\000p\000e}{section.1}% 3
\BOOKMARK [2][-]{subsection.1.3}{\376\377\000S\000y\000s\000t\000e\000m\000\040\000s\000u\000m\000m\000a\000r\000y}{section.1}% 4
\BOOKMARK [2][-]{subsection.1.4}{\376\377\000D\000o\000c\000u\000m\000e\000n\000t\000\040\000o\000r\000g\000a\000n\000i\000z\000a\000t\000i\000o\000n}{section.1}% 5
\BOOKMARK [1][-]{section.2}{\376\377\000P\000r\000o\000j\000e\000c\000t\000\040\000O\000v\000e\000r\000v\000i\000e\000w}{}% 6
\BOOKMARK [2][-]{subsection.2.1}{\376\377\000P\000r\000e\000s\000e\000n\000t\000a\000t\000i\000o\000n\000\040\000l\000a\000y\000e\000r\000\040\000d\000e\000s\000c\000r\000i\000p\000t\000i\000o\000n}{section.2}% 7
\BOOKMARK [2][-]{subsection.2.2}{\376\377\000A\000p\000p\000l\000i\000c\000a\000t\000i\000o\000n\000\040\000l\000a\000y\000e\000r\000\040\000d\000e\000s\000c\000r\000i\000p\000t\000i\000o\000n}{section.2}% 8
\BOOKMARK [2][-]{subsection.2.3}{\376\377\000P\000r\000o\000c\000e\000s\000s\000i\000n\000g\000\040\000l\000a\000y\000e\000r\000\040\000d\000e\000s\000c\000r\000i\000p\000t\000i\000o\000n}{section.2}% 9
\BOOKMARK [2][-]{subsection.2.4}{\376\377\000D\000a\000t\000a\000\040\000l\000a\000y\000e\000r\000\040\000d\000e\000s\000c\000r\000i\000p\000t\000i\000o\000n}{section.2}% 10
\BOOKMARK [2][-]{subsection.2.5}{\376\377\000L\000a\000y\000e\000r\000e\000d\000\040\000a\000r\000c\000h\000i\000t\000e\000c\000t\000u\000r\000e\000\040\000f\000i\000g\000u\000r\000e}{section.2}% 11
\BOOKMARK [2][-]{subsection.2.6}{\376\377\000S\000y\000s\000t\000e\000m\000\040\000w\000o\000r\000k\000f\000l\000o\000w\000\040\000o\000v\000e\000r\000v\000i\000e\000w}{section.2}% 12
\BOOKMARK [1][-]{section.3}{\376\377\000S\000y\000s\000t\000e\000m\000\040\000D\000e\000s\000c\000r\000i\000p\000t\000i\000o\000n}{}% 13
\BOOKMARK [2][-]{subsection.3.1}{\376\377\000P\000r\000e\000s\000e\000n\000t\000a\000t\000i\000o\000n\000\040\000l\000a\000y\000e\000r\000\040\000c\000o\000m\000p\000o\000s\000i\000t\000i\000o\000n}{section.3}% 14
\BOOKMARK [2][-]{subsection.3.2}{\376\377\000A\000p\000p\000l\000i\000c\000a\000t\000i\000o\000n\000\040\000l\000a\000y\000e\000r\000\040\000c\000o\000m\000p\000o\000s\000i\000t\000i\000o\000n}{section.3}% 15
\BOOKMARK [2][-]{subsection.3.3}{\376\377\000P\000r\000o\000c\000e\000s\000s\000i\000n\000g\000\040\000l\000a\000y\000e\000r\000\040\000c\000o\000m\000p\000o\000s\000i\000t\000i\000o\000n}{section.3}% 16
\BOOKMARK [2][-]{subsection.3.4}{\376\377\000D\000a\000t\000a\000\040\000l\000a\000y\000e\000r\000\040\000c\000o\000m\000p\000o\000s\000i\000t\000i\000o\000n}{section.3}% 17
\BOOKMARK [2][-]{subsection.3.5}{\376\377\000E\000n\000d\000-\000t\000o\000-\000e\000n\000d\000\040\000d\000a\000t\000a\000\040\000f\000l\000o\000w\000\040\000s\000u\000m\000m\000a\000r\000y}{section.3}% 18
\BOOKMARK [1][-]{section.4}{\376\377\000D\000a\000t\000a\000\040\000L\000a\000y\000e\000r\000\040\000S\000u\000b\000s\000y\000s\000t\000e\000m\000s}{}% 19
\BOOKMARK [2][-]{subsection.4.1}{\376\377\000W\000r\000i\000t\000e\000\040\000c\000o\000o\000r\000d\000i\000n\000a\000t\000i\000o\000n\000\040\000s\000u\000b\000s\000y\000s\000t\000e\000m}{section.4}% 20
\BOOKMARK [3][-]{subsubsection.4.1.1}{\376\377\000A\000s\000s\000u\000m\000p\000t\000i\000o\000n\000s}{subsection.4.1}% 21
\BOOKMARK [3][-]{subsubsection.4.1.2}{\376\377\000R\000e\000s\000p\000o\000n\000s\000i\000b\000i\000l\000i\000t\000i\000e\000s}{subsection.4.1}% 22
\BOOKMARK [3][-]{subsubsection.4.1.3}{\376\377\000S\000u\000b\000s\000y\000s\000t\000e\000m\000\040\000i\000n\000t\000e\000r\000f\000a\000c\000e\000s}{subsection.4.1}% 23
\BOOKMARK [2][-]{subsection.4.2}{\376\377\000I\000n\000t\000e\000g\000r\000i\000t\000y\000\040\000a\000n\000d\000\040\000c\000o\000n\000s\000t\000r\000a\000i\000n\000t\000\040\000e\000n\000f\000o\000r\000c\000e\000m\000e\000n\000t\000\040\000s\000u\000b\000s\000y\000s\000t\000e\000m}{section.4}% 24
\BOOKMARK [3][-]{subsubsection.4.2.1}{\376\377\000A\000s\000s\000u\000m\000p\000t\000i\000o\000n\000s}{subsection.4.2}% 25
\BOOKMARK [3][-]{subsubsection.4.2.2}{\376\377\000R\000e\000s\000p\000o\000n\000s\000i\000b\000i\000l\000i\000t\000i\000e\000s}{subsection.4.2}% 26
\BOOKMARK [3][-]{subsubsection.4.2.3}{\376\377\000S\000u\000b\000s\000y\000s\000t\000e\000m\000\040\000i\000n\000t\000e\000r\000f\000a\000c\000e\000s}{subsection.4.2}% 27
\BOOKMARK [2][-]{subsection.4.3}{\376\377\000Q\000u\000e\000r\000y\000\040\000a\000n\000d\000\040\000t\000r\000a\000n\000s\000a\000c\000t\000i\000o\000n\000\040\000e\000x\000e\000c\000u\000t\000i\000o\000n\000\040\000s\000u\000b\000s\000y\000s\000t\000e\000m}{section.4}% 28
\BOOKMARK [3][-]{subsubsection.4.3.1}{\376\377\000A\000s\000s\000u\000m\000p\000t\000i\000o\000n\000s}{subsection.4.3}% 29
\BOOKMARK [3][-]{subsubsection.4.3.2}{\376\377\000R\000e\000s\000p\000o\000n\000s\000i\000b\000i\000l\000i\000t\000i\000e\000s}{subsection.4.3}% 30
\BOOKMARK [3][-]{subsubsection.4.3.3}{\376\377\000S\000u\000b\000s\000y\000s\000t\000e\000m\000\040\000i\000n\000t\000e\000r\000f\000a\000c\000e\000s}{subsection.4.3}% 31
\BOOKMARK [2][-]{subsection.4.4}{\376\377\000P\000o\000s\000t\000g\000r\000e\000S\000Q\000L\000\040\000d\000o\000m\000a\000i\000n\000\040\000d\000a\000t\000a\000b\000a\000s\000e\000\040\000s\000u\000b\000s\000y\000s\000t\000e\000m}{section.4}% 32
\BOOKMARK [3][-]{subsubsection.4.4.1}{\376\377\000A\000s\000s\000u\000m\000p\000t\000i\000o\000n\000s}{subsection.4.4}% 33
\BOOKMARK [3][-]{subsubsection.4.4.2}{\376\377\000R\000e\000s\000p\000o\000n\000s\000i\000b\000i\000l\000i\000t\000i\000e\000s}{subsection.4.4}% 34
\BOOKMARK [3][-]{subsubsection.4.4.3}{\376\377\000S\000u\000b\000s\000y\000s\000t\000e\000m\000\040\000i\000n\000t\000e\000r\000f\000a\000c\000e\000s}{subsection.4.4}% 35
\BOOKMARK [2][-]{subsection.4.5}{\376\377\000I\000m\000a\000g\000e\000\040\000a\000n\000d\000\040\000m\000e\000d\000i\000a\000\040\000s\000t\000o\000r\000a\000g\000e\000\040\000s\000u\000b\000s\000y\000s\000t\000e\000m}{section.4}% 36
\BOOKMARK [3][-]{subsubsection.4.5.1}{\376\377\000A\000s\000s\000u\000m\000p\000t\000i\000o\000n\000s}{subsection.4.5}% 37
\BOOKMARK [3][-]{subsubsection.4.5.2}{\376\377\000R\000e\000s\000p\000o\000n\000s\000i\000b\000i\000l\000i\000t\000i\000e\000s}{subsection.4.5}% 38
\BOOKMARK [3][-]{subsubsection.4.5.3}{\376\377\000S\000u\000b\000s\000y\000s\000t\000e\000m\000\040\000i\000n\000t\000e\000r\000f\000a\000c\000e\000s}{subsection.4.5}% 39
\BOOKMARK [1][-]{section.5}{\376\377\000P\000r\000e\000s\000e\000n\000t\000a\000t\000i\000o\000n\000\040\000L\000a\000y\000e\000r\000\040\000S\000u\000b\000s\000y\000s\000t\000e\000m\000s}{}% 40
\BOOKMARK [2][-]{subsection.5.1}{\376\377\000A\000u\000t\000h\000e\000n\000t\000i\000c\000a\000t\000i\000o\000n\000\040\000a\000n\000d\000\040\000s\000e\000s\000s\000i\000o\000n\000\040\000U\000I\000\040\000s\000u\000b\000s\000y\000s\000t\000e\000m}{section.5}% 41
\BOOKMARK [3][-]{subsubsection.5.1.1}{\376\377\000A\000s\000s\000u\000m\000p\000t\000i\000o\000n\000s}{subsection.5.1}% 42
\BOOKMARK [3][-]{subsubsection.5.1.2}{\376\377\000R\000e\000s\000p\000o\000n\000s\000i\000b\000i\000l\000i\000t\000i\000e\000s}{subsection.5.1}% 43
\BOOKMARK [3][-]{subsubsection.5.1.3}{\376\377\000S\000u\000b\000s\000y\000s\000t\000e\000m\000\040\000i\000n\000t\000e\000r\000f\000a\000c\000e\000s}{subsection.5.1}% 44
\BOOKMARK [2][-]{subsection.5.2}{\376\377\000D\000a\000s\000h\000b\000o\000a\000r\000d\000\040\000a\000n\000d\000\040\000o\000v\000e\000r\000v\000i\000e\000w\000\040\000s\000u\000b\000s\000y\000s\000t\000e\000m}{section.5}% 45
\BOOKMARK [3][-]{subsubsection.5.2.1}{\376\377\000A\000s\000s\000u\000m\000p\000t\000i\000o\000n\000s}{subsection.5.2}% 46
\BOOKMARK [3][-]{subsubsection.5.2.2}{\376\377\000R\000e\000s\000p\000o\000n\000s\000i\000b\000i\000l\000i\000t\000i\000e\000s}{subsection.5.2}% 47
\BOOKMARK [3][-]{subsubsection.5.2.3}{\376\377\000S\000u\000b\000s\000y\000s\000t\000e\000m\000\040\000i\000n\000t\000e\000r\000f\000a\000c\000e\000s}{subsection.5.2}% 48
\BOOKMARK [2][-]{subsection.5.3}{\376\377\000T\000r\000a\000y\000\040\000m\000o\000n\000i\000t\000o\000r\000i\000n\000g\000\040\000c\000o\000n\000s\000o\000l\000e\000\040\000s\000u\000b\000s\000y\000s\000t\000e\000m}{section.5}% 49
\BOOKMARK [3][-]{subsubsection.5.3.1}{\376\377\000A\000s\000s\000u\000m\000p\000t\000i\000o\000n\000s}{subsection.5.3}% 50
\BOOKMARK [3][-]{subsubsection.5.3.2}{\376\377\000R\000e\000s\000p\000o\000n\000s\000i\000b\000i\000l\000i\000t\000i\000e\000s}{subsection.5.3}% 51
\BOOKMARK [3][-]{subsubsection.5.3.3}{\376\377\000S\000u\000b\000s\000y\000s\000t\000e\000m\000\040\000i\000n\000t\000e\000r\000f\000a\000c\000e\000s}{subsection.5.3}% 52
\BOOKMARK [2][-]{subsection.5.4}{\376\377\000P\000l\000a\000n\000t\000\040\000d\000e\000t\000a\000i\000l\000\040\000a\000n\000d\000\040\000h\000e\000a\000l\000t\000h\000\040\000h\000i\000s\000t\000o\000r\000y\000\040\000s\000u\000b\000s\000y\000s\000t\000e\000m}{section.5}% 53
\BOOKMARK [3][-]{subsubsection.5.4.1}{\376\377\000A\000s\000s\000u\000m\000p\000t\000i\000o\000n\000s}{subsection.5.4}% 54
\BOOKMARK [3][-]{subsubsection.5.4.2}{\376\377\000R\000e\000s\000p\000o\000n\000s\000i\000b\000i\000l\000i\000t\000i\000e\000s}{subsection.5.4}% 55
\BOOKMARK [3][-]{subsubsection.5.4.3}{\376\377\000S\000u\000b\000s\000y\000s\000t\000e\000m\000\040\000i\000n\000t\000e\000r\000f\000a\000c\000e\000s}{subsection.5.4}% 56
\BOOKMARK [2][-]{subsection.5.5}{\376\377\000M\000e\000s\000h\000\040\000a\000n\000d\000\040\000t\000o\000p\000o\000l\000o\000g\000y\000\040\000s\000u\000b\000s\000y\000s\000t\000e\000m}{section.5}% 57
\BOOKMARK [3][-]{subsubsection.5.5.1}{\376\377\000A\000s\000s\000u\000m\000p\000t\000i\000o\000n\000s}{subsection.5.5}% 58
\BOOKMARK [3][-]{subsubsection.5.5.2}{\376\377\000R\000e\000s\000p\000o\000n\000s\000i\000b\000i\000l\000i\000t\000i\000e\000s}{subsection.5.5}% 59
\BOOKMARK [3][-]{subsubsection.5.5.3}{\376\377\000S\000u\000b\000s\000y\000s\000t\000e\000m\000\040\000i\000n\000t\000e\000r\000f\000a\000c\000e\000s}{subsection.5.5}% 60
\BOOKMARK [2][-]{subsection.5.6}{\376\377\000S\000c\000h\000e\000d\000u\000l\000e\000\040\000m\000a\000n\000a\000g\000e\000m\000e\000n\000t\000\040\000s\000u\000b\000s\000y\000s\000t\000e\000m}{section.5}% 61
\BOOKMARK [3][-]{subsubsection.5.6.1}{\376\377\000A\000s\000s\000u\000m\000p\000t\000i\000o\000n\000s}{subsection.5.6}% 62
\BOOKMARK [3][-]{subsubsection.5.6.2}{\376\377\000R\000e\000s\000p\000o\000n\000s\000i\000b\000i\000l\000i\000t\000i\000e\000s}{subsection.5.6}% 63
\BOOKMARK [3][-]{subsubsection.5.6.3}{\376\377\000S\000u\000b\000s\000y\000s\000t\000e\000m\000\040\000i\000n\000t\000e\000r\000f\000a\000c\000e\000s}{subsection.5.6}% 64
\BOOKMARK [1][-]{section.6}{\376\377\000A\000p\000p\000l\000i\000c\000a\000t\000i\000o\000n\000\040\000L\000a\000y\000e\000r\000\040\000S\000u\000b\000s\000y\000s\000t\000e\000m\000s}{}% 65
\BOOKMARK [2][-]{subsection.6.1}{\376\377\000A\000P\000I\000\040\000e\000n\000t\000r\000y\000\040\000a\000n\000d\000\040\000r\000o\000u\000t\000i\000n\000g\000\040\000s\000u\000b\000s\000y\000s\000t\000e\000m}{section.6}% 66
\BOOKMARK [3][-]{subsubsection.6.1.1}{\376\377\000A\000s\000s\000u\000m\000p\000t\000i\000o\000n\000s}{subsection.6.1}% 67
\BOOKMARK [3][-]{subsubsection.6.1.2}{\376\377\000R\000e\000s\000p\000o\000n\000s\000i\000b\000i\000l\000i\000t\000i\000e\000s}{subsection.6.1}% 68
\BOOKMARK [3][-]{subsubsection.6.1.3}{\376\377\000S\000u\000b\000s\000y\000s\000t\000e\000m\000\040\000i\000n\000t\000e\000r\000f\000a\000c\000e\000s}{subsection.6.1}% 69
\BOOKMARK [2][-]{subsection.6.2}{\376\377\000S\000e\000s\000s\000i\000o\000n\000\040\000a\000n\000d\000\040\000a\000u\000t\000h\000e\000n\000t\000i\000c\000a\000t\000i\000o\000n\000\040\000b\000r\000o\000k\000e\000r\000\040\000s\000u\000b\000s\000y\000s\000t\000e\000m}{section.6}% 70
\BOOKMARK [3][-]{subsubsection.6.2.1}{\376\377\000A\000s\000s\000u\000m\000p\000t\000i\000o\000n\000s}{subsection.6.2}% 71
\BOOKMARK [3][-]{subsubsection.6.2.2}{\376\377\000R\000e\000s\000p\000o\000n\000s\000i\000b\000i\000l\000i\000t\000i\000e\000s}{subsection.6.2}% 72
\BOOKMARK [3][-]{subsubsection.6.2.3}{\376\377\000S\000u\000b\000s\000y\000s\000t\000e\000m\000\040\000i\000n\000t\000e\000r\000f\000a\000c\000e\000s}{subsection.6.2}% 73
\BOOKMARK [2][-]{subsection.6.3}{\376\377\000I\000n\000p\000u\000t\000\040\000v\000a\000l\000i\000d\000a\000t\000i\000o\000n\000\040\000s\000u\000b\000s\000y\000s\000t\000e\000m}{section.6}% 74
\BOOKMARK [3][-]{subsubsection.6.3.1}{\376\377\000A\000s\000s\000u\000m\000p\000t\000i\000o\000n\000s}{subsection.6.3}% 75
\BOOKMARK [3][-]{subsubsection.6.3.2}{\376\377\000R\000e\000s\000p\000o\000n\000s\000i\000b\000i\000l\000i\000t\000i\000e\000s}{subsection.6.3}% 76
\BOOKMARK [3][-]{subsubsection.6.3.3}{\376\377\000S\000u\000b\000s\000y\000s\000t\000e\000m\000\040\000i\000n\000t\000e\000r\000f\000a\000c\000e\000s}{subsection.6.3}% 77
\BOOKMARK [2][-]{subsection.6.4}{\376\377\000D\000o\000m\000a\000i\000n\000\040\000o\000r\000c\000h\000e\000s\000t\000r\000a\000t\000i\000o\000n\000\040\000s\000u\000b\000s\000y\000s\000t\000e\000m}{section.6}% 78
\BOOKMARK [3][-]{subsubsection.6.4.1}{\376\377\000A\000s\000s\000u\000m\000p\000t\000i\000o\000n\000s}{subsection.6.4}% 79
\BOOKMARK [3][-]{subsubsection.6.4.2}{\376\377\000R\000e\000s\000p\000o\000n\000s\000i\000b\000i\000l\000i\000t\000i\000e\000s}{subsection.6.4}% 80
\BOOKMARK [3][-]{subsubsection.6.4.3}{\376\377\000S\000u\000b\000s\000y\000s\000t\000e\000m\000\040\000i\000n\000t\000e\000r\000f\000a\000c\000e\000s}{subsection.6.4}% 81
\BOOKMARK [2][-]{subsection.6.5}{\376\377\000G\000r\000a\000p\000h\000Q\000L\000\040\000q\000u\000e\000r\000y\000\040\000a\000n\000d\000\040\000m\000u\000t\000a\000t\000i\000o\000n\000\040\000f\000a\000c\000a\000d\000e\000\040\000s\000u\000b\000s\000y\000s\000t\000e\000m}{section.6}% 82
\BOOKMARK [3][-]{subsubsection.6.5.1}{\376\377\000A\000s\000s\000u\000m\000p\000t\000i\000o\000n\000s}{subsection.6.5}% 83
\BOOKMARK [3][-]{subsubsection.6.5.2}{\376\377\000R\000e\000s\000p\000o\000n\000s\000i\000b\000i\000l\000i\000t\000i\000e\000s}{subsection.6.5}% 84
\BOOKMARK [3][-]{subsubsection.6.5.3}{\376\377\000S\000u\000b\000s\000y\000s\000t\000e\000m\000\040\000i\000n\000t\000e\000r\000f\000a\000c\000e\000s}{subsection.6.5}% 85
\BOOKMARK [2][-]{subsection.6.6}{\376\377\000R\000e\000s\000p\000o\000n\000s\000e\000\040\000a\000n\000d\000\040\000e\000r\000r\000o\000r\000\040\000h\000a\000n\000d\000l\000i\000n\000g\000\040\000s\000u\000b\000s\000y\000s\000t\000e\000m}{section.6}% 86
\BOOKMARK [3][-]{subsubsection.6.6.1}{\376\377\000A\000s\000s\000u\000m\000p\000t\000i\000o\000n\000s}{subsection.6.6}% 87
\BOOKMARK [3][-]{subsubsection.6.6.2}{\376\377\000R\000e\000s\000p\000o\000n\000s\000i\000b\000i\000l\000i\000t\000i\000e\000s}{subsection.6.6}% 88
\BOOKMARK [3][-]{subsubsection.6.6.3}{\376\377\000S\000u\000b\000s\000y\000s\000t\000e\000m\000\040\000i\000n\000t\000e\000r\000f\000a\000c\000e\000s}{subsection.6.6}% 89
\BOOKMARK [1][-]{section.7}{\376\377\000P\000r\000o\000c\000e\000s\000s\000i\000n\000g\000\040\000L\000a\000y\000e\000r\000\040\000S\000u\000b\000s\000y\000s\000t\000e\000m\000s}{}% 90
\BOOKMARK [2][-]{subsection.7.1}{\376\377\000S\000p\000e\000c\000i\000e\000s\000\040\000a\000n\000d\000\040\000l\000e\000a\000f\000\040\000i\000n\000f\000e\000r\000e\000n\000c\000e\000\040\000a\000d\000a\000p\000t\000e\000r\000\040\000s\000u\000b\000s\000y\000s\000t\000e\000m}{section.7}% 91
\BOOKMARK [3][-]{subsubsection.7.1.1}{\376\377\000A\000s\000s\000u\000m\000p\000t\000i\000o\000n\000s}{subsection.7.1}% 92
\BOOKMARK [3][-]{subsubsection.7.1.2}{\376\377\000R\000e\000s\000p\000o\000n\000s\000i\000b\000i\000l\000i\000t\000i\000e\000s}{subsection.7.1}% 93
\BOOKMARK [3][-]{subsubsection.7.1.3}{\376\377\000S\000u\000b\000s\000y\000s\000t\000e\000m\000\040\000i\000n\000t\000e\000r\000f\000a\000c\000e\000s}{subsection.7.1}% 94
\BOOKMARK [2][-]{subsection.7.2}{\376\377\000T\000r\000a\000y\000\040\000v\000i\000s\000i\000o\000n\000\040\000a\000n\000d\000\040\000l\000a\000y\000o\000u\000t\000\040\000a\000d\000a\000p\000t\000e\000r\000\040\000s\000u\000b\000s\000y\000s\000t\000e\000m}{section.7}% 95
\BOOKMARK [3][-]{subsubsection.7.2.1}{\376\377\000A\000s\000s\000u\000m\000p\000t\000i\000o\000n\000s}{subsection.7.2}% 96
\BOOKMARK [3][-]{subsubsection.7.2.2}{\376\377\000R\000e\000s\000p\000o\000n\000s\000i\000b\000i\000l\000i\000t\000i\000e\000s}{subsection.7.2}% 97
\BOOKMARK [3][-]{subsubsection.7.2.3}{\376\377\000S\000u\000b\000s\000y\000s\000t\000e\000m\000\040\000i\000n\000t\000e\000r\000f\000a\000c\000e\000s}{subsection.7.2}% 98
\BOOKMARK [2][-]{subsection.7.3}{\376\377\000I\000n\000f\000e\000r\000e\000n\000c\000e\000\040\000n\000o\000r\000m\000a\000l\000i\000z\000a\000t\000i\000o\000n\000\040\000s\000u\000b\000s\000y\000s\000t\000e\000m}{section.7}% 99
\BOOKMARK [3][-]{subsubsection.7.3.1}{\376\377\000A\000s\000s\000u\000m\000p\000t\000i\000o\000n\000s}{subsection.7.3}% 100
\BOOKMARK [3][-]{subsubsection.7.3.2}{\376\377\000R\000e\000s\000p\000o\000n\000s\000i\000b\000i\000l\000i\000t\000i\000e\000s}{subsection.7.3}% 101
\BOOKMARK [3][-]{subsubsection.7.3.3}{\376\377\000S\000u\000b\000s\000y\000s\000t\000e\000m\000\040\000i\000n\000t\000e\000r\000f\000a\000c\000e\000s}{subsection.7.3}% 102
\BOOKMARK [1][-]{section*.1}{\376\377\000R\000e\000f\000e\000r\000e\000n\000c\000e\000s}{}% 103
